This is pdfTeX, Version 3.14159265-2.6-1.40.16 (TeX Live 2015/Debian) (preloaded format=etex 2016.10.3)  27 APR 2017 13:50
entering extended mode
 restricted \write18 enabled.
 %&-line parsing enabled.
**sample.phy_phyml_tree.txt
(./sample.phy_phyml_tree.txt
! Missing $ inserted.
<inserted text> 
                $
<to be read again> 
                   _
l.1 ...0378:0.02262720,(OUTGROUP:0.20926433,(((Sp_
                                                  2466:0.00008259,Sp_2422:0....

? open
Type <return> to proceed, S to scroll future error messages,
R to run without stopping, Q to run quietly,
I to insert something, E to edit your file,
1 or ... or 9 to ignore the next 1 to 9 tokens of input,
H for help, X to quit.
? x
No pages of output.
